\BOOKMARK [1][-]{section.1}{Introducci\363n}{}% 1
\BOOKMARK [1][-]{section.2}{Casos de uso}{}% 2
\BOOKMARK [1][-]{section.3}{Planificaci\363n}{}% 3
\BOOKMARK [2][-]{subsection.3.1}{Iteraciones}{section.3}% 4
\BOOKMARK [3][-]{subsubsection.3.1.1}{Fase de iniciaci\363n}{subsection.3.1}% 5
\BOOKMARK [3][-]{subsubsection.3.1.2}{Fase de elaboraci\363n}{subsection.3.1}% 6
\BOOKMARK [3][-]{subsubsection.3.1.3}{Fase de construcci\363n}{subsection.3.1}% 7
\BOOKMARK [3][-]{subsubsection.3.1.4}{Fase de transici\363n}{subsection.3.1}% 8
\BOOKMARK [2][-]{subsection.3.2}{Alcance de casos de usos de la primera iteraci\363n}{section.3}% 9
\BOOKMARK [2][-]{subsection.3.3}{Tareas CU Primera iteraci\363n}{section.3}% 10
\BOOKMARK [2][-]{subsection.3.4}{Dependencias entre tareas}{section.3}% 11
\BOOKMARK [2][-]{subsection.3.5}{Detalle Primera iteraci\363n}{section.3}% 12
\BOOKMARK [2][-]{subsection.3.6}{Plan de Proyecto}{section.3}% 13
\BOOKMARK [1][-]{section.4}{An\341lisis de riesgos}{}% 14
\BOOKMARK [1][-]{section.5}{Atributos de calidad}{}% 15
\BOOKMARK [2][-]{subsection.5.1}{Disponibilidad}{section.5}% 16
\BOOKMARK [2][-]{subsection.5.2}{Modificabilidad}{section.5}% 17
\BOOKMARK [2][-]{subsection.5.3}{Usabilidad}{section.5}% 18
\BOOKMARK [2][-]{subsection.5.4}{Performance}{section.5}% 19
\BOOKMARK [2][-]{subsection.5.5}{Seguridad}{section.5}% 20
\BOOKMARK [1][-]{section.6}{Componentes y conectores}{}% 21
\BOOKMARK [2][-]{subsection.6.1}{Diagrama}{section.6}% 22
\BOOKMARK [2][-]{subsection.6.2}{Explicaci\363n}{section.6}% 23
\BOOKMARK [3][-]{subsubsection.6.2.1}{General}{subsection.6.2}% 24
\BOOKMARK [3][-]{subsubsection.6.2.2}{Conectores auxiliares}{subsection.6.2}% 25
